<?xml version="1.0" encoding="UTF-8"?>
<Site BuildName="(empty)"
	BuildStamp="20251217-1427-Experimental"
	Name="duzhong"
	Generator="ctest-3.16.3"
	CompilerName="/usr/bin/c++"
	CompilerVersion="9.4.0"
	OSName="Linux"
	Hostname="duzhong"
	OSRelease="5.10.160-rockchip-rk3588"
	OSVersion="#1.0.6 SMP Tue Nov 12 22:34:20 CST 2024"
	OSPlatform="aarch64"
	Is64Bits="1"
	VendorString=""
	VendorID="Unknown Manufacturer"
	FamilyID="8"
	ModelID="0"
	ProcessorCacheSize="0"
	NumberOfLogicalCPU="8"
	NumberOfPhysicalCPU="1"
	TotalVirtualMemory="7985"
	TotalPhysicalMemory="15970"
	LogicalProcessorsPerPhysical="8"
	ProcessorClockFrequency="0"
	>
	<Testing>
		<StartDateTime>Dec 17 22:27 CST</StartDateTime>
		<StartTestTime>1765981646</StartTestTime>
		<TestList/>
		<EndDateTime>Dec 17 22:27 CST</EndDateTime>
		<EndTestTime>1765981646</EndTestTime>
		<ElapsedMinutes>0</ElapsedMinutes>
	</Testing>
</Site>
